2019-01-19 04:52:03 +0000  Initial pipeline context: <IDEDistributionProcessingPipelineContext: 0x7f897a573580; archive(resolved)='<IDEArchive: 0x7f897931b430>', distributionTask(resolved)='2', distributionDestination(resolved)='1', distributionMethod(resolved)='<IDEDistributionMethodAdHoc: 0x7f897a25ff10>', team(resolved)='<IDEProvisioningDisambiguatableBasicTeam: 0x7f897921ed50; teamID='BZV32XF67X', teamName='YANCHENG WU', teamType='Individual', username='tenkairuri@icloud.com', isFreeProvisioningTeam='0'>'>
	Chain (12, self inclusive):
	<IDEDistributionProcessingPipelineContext: 0x7f897a573580; archive = '<IDEArchive: 0x7f897931b430>', distributionMethod='<IDEDistributionMethodAdHoc: 0x7f897a25ff10>', team='<IDEProvisioningDisambiguatableBasicTeam: 0x7f897921ed50; teamID='BZV32XF67X', teamName='YANCHENG WU', teamType='Individual', username='tenkairuri@icloud.com', isFreeProvisioningTeam='0'>'>
	<IDEDistributionProcessingPipelineContext: 0x7f897a516f50; archive = '<IDEArchive: 0x7f897931b430>', distributionMethod='<IDEDistributionMethodAdHoc: 0x7f897a25ff10>', team='<IDEProvisioningDisambiguatableBasicTeam: 0x7f897921ed50; teamID='BZV32XF67X', teamName='YANCHENG WU', teamType='Individual', username='tenkairuri@icloud.com', isFreeProvisioningTeam='0'>'>
	<IDEDistributionContext: 0x7f897a41c900; archive = '<IDEArchive: 0x7f897931b430>', distributionMethod='<IDEDistributionMethodAdHoc: 0x7f897a25ff10>', team='<IDEProvisioningDisambiguatableBasicTeam: 0x7f897921ed50; teamID='BZV32XF67X', teamName='YANCHENG WU', teamType='Individual', username='tenkairuri@icloud.com', isFreeProvisioningTeam='0'>'>
	<IDEDistributionContext: 0x7f897a60aaf0; archive = '<IDEArchive: 0x7f897931b430>', distributionMethod='<IDEDistributionMethodAdHoc: 0x7f897a25ff10>', team='<IDEProvisioningDisambiguatableBasicTeam: 0x7f897921ed50; teamID='BZV32XF67X', teamName='YANCHENG WU', teamType='Individual', username='tenkairuri@icloud.com', isFreeProvisioningTeam='0'>'>
	<IDEDistributionContext: 0x7f897a3eaed0; archive = '<IDEArchive: 0x7f897931b430>', distributionMethod='<IDEDistributionMethodAdHoc: 0x7f897a25ff10>', team='<IDEProvisioningDisambiguatableBasicTeam: 0x7f897921ed50; teamID='BZV32XF67X', teamName='YANCHENG WU', teamType='Individual', username='tenkairuri@icloud.com', isFreeProvisioningTeam='0'>'>
	<IDEDistributionContext: 0x7f897a51feb0; archive = '<IDEArchive: 0x7f897931b430>', distributionMethod='<IDEDistributionMethodAdHoc: 0x7f897a25ff10>', team='<IDEProvisioningDisambiguatableBasicTeam: 0x7f897921ed50; teamID='BZV32XF67X', teamName='YANCHENG WU', teamType='Individual', username='tenkairuri@icloud.com', isFreeProvisioningTeam='0'>'>
	<IDEDistributionContext: 0x7f897a292400; archive = '<IDEArchive: 0x7f897931b430>', distributionMethod='<IDEDistributionMethodAdHoc: 0x7f897a25ff10>', team='<IDEProvisioningDisambiguatableBasicTeam: 0x7f897921ed50; teamID='BZV32XF67X', teamName='YANCHENG WU', teamType='Individual', username='tenkairuri@icloud.com', isFreeProvisioningTeam='0'>'>
	<IDEDistributionContext: 0x7f897a513ac0; archive = '<IDEArchive: 0x7f897931b430>', distributionMethod='<IDEDistributionMethodAdHoc: 0x7f897a25ff10>', team='<IDEProvisioningDisambiguatableBasicTeam: 0x7f897921ed50; teamID='BZV32XF67X', teamName='YANCHENG WU', teamType='Individual', username='tenkairuri@icloud.com', isFreeProvisioningTeam='0'>'>
	<IDEDistributionContext: 0x7f897a434fa0; archive = '<IDEArchive: 0x7f897931b430>', distributionMethod='<IDEDistributionMethodAdHoc: 0x7f897a25ff10>', team='<IDEProvisioningDisambiguatableBasicTeam: 0x7f897921ed50; teamID='BZV32XF67X', teamName='YANCHENG WU', teamType='Individual', username='tenkairuri@icloud.com', isFreeProvisioningTeam='0'>'>
	<IDEDistributionContext: 0x7f897a3b4ea0; archive = '<IDEArchive: 0x7f897931b430>', distributionMethod='<IDEDistributionMethodAdHoc: 0x7f897a25ff10>', team='(null)'>
	<IDEDistributionContext: 0x7f8977a87a30; archive = '<IDEArchive: 0x7f897931b430>', distributionMethod='<IDEDistributionMethodAdHoc: 0x7f897a25ff10>', team='(null)'>
	<IDEDistributionContext: 0x7f897953b0b0; archive = '<IDEArchive: 0x7f897931b430>', distributionMethod='(null)', team='(null)'>
</IDEDistributionProcessingPipelineContext: 0x7f897a573580>
2019-01-19 04:52:03 +0000  Processing step: IDEDistributionCreateDestRootStep
2019-01-19 04:52:03 +0000  Processing step: IDEDistributionCopyItemStep
2019-01-19 04:52:03 +0000  Running /usr/bin/ditto '-V' '/Users/ruri/Library/Developer/Xcode/Archives/2019-01-19/Runner 2019-1-19, 12.51 PM.xcarchive/Products/Applications/Runner.app' '/var/folders/n9/5jb_2szs47jc0wpfqz659dcr0000gn/T/XcodeDistPipeline.cuB/Root/Payload/Runner.app'
2019-01-19 04:52:03 +0000  >>> Copying /Users/ruri/Library/Developer/Xcode/Archives/2019-01-19/Runner 2019-1-19, 12.51 PM.xcarchive/Products/Applications/Runner.app 
2019-01-19 04:52:03 +0000  copying file ./_CodeSignature/CodeResources ... 
2019-01-19 04:52:03 +0000  20725 bytes for ./_CodeSignature/CodeResources
2019-01-19 04:52:03 +0000  copying file ./zh-Hans.lproj/LaunchScreen.strings ... 
2019-01-19 04:52:03 +0000  1 bytes for ./zh-Hans.lproj/LaunchScreen.strings
2019-01-19 04:52:03 +0000  copying file ./zh-Hans.lproj/Main.strings ... 
2019-01-19 04:52:03 +0000  1 bytes for ./zh-Hans.lproj/Main.strings
2019-01-19 04:52:03 +0000  copying file ./AppIcon20x20@2x.png ... 
2019-01-19 04:52:03 +0000  1751 bytes for ./AppIcon20x20@2x.png
2019-01-19 04:52:03 +0000  copying file ./AppIcon57x57.png ... 
2019-01-19 04:52:03 +0000  2294 bytes for ./AppIcon57x57.png
copying file ./AppIcon20x20@3x.png ... 
2019-01-19 04:52:03 +0000  2408 bytes for ./AppIcon20x20@3x.png
2019-01-19 04:52:03 +0000  copying file ./AppIcon29x29.png ... 
2019-01-19 04:52:03 +0000  1214 bytes for ./AppIcon29x29.png
2019-01-19 04:52:03 +0000  copying file ./AppIcon60x60@2x.png ... 
2019-01-19 04:52:03 +0000  6225 bytes for ./AppIcon60x60@2x.png
copying file ./AppIcon72x72@2x~ipad.png ... 
2019-01-19 04:52:03 +0000  8332 bytes for ./AppIcon72x72@2x~ipad.png
2019-01-19 04:52:03 +0000  copying file ./Runner ... 
2019-01-19 04:52:03 +0000  468112 bytes for ./Runner
2019-01-19 04:52:03 +0000  copying file ./AppIcon29x29@2x.png ... 
2019-01-19 04:52:03 +0000  2348 bytes for ./AppIcon29x29@2x.png
2019-01-19 04:52:03 +0000  copying file ./AppIcon40x40@3x.png ... 
2019-01-19 04:52:03 +0000  6225 bytes for ./AppIcon40x40@3x.png
2019-01-19 04:52:03 +0000  copying file ./AppIcon57x57@2x.png ... 
2019-01-19 04:52:03 +0000  5861 bytes for ./AppIcon57x57@2x.png
2019-01-19 04:52:03 +0000  copying file ./Debug.xcconfig ... 
2019-01-19 04:52:03 +0000  106 bytes for ./Debug.xcconfig
2019-01-19 04:52:03 +0000  copying file ./AppIcon29x29~ipad.png ... 
2019-01-19 04:52:03 +0000  1214 bytes for ./AppIcon29x29~ipad.png
2019-01-19 04:52:03 +0000  copying file ./AppIcon40x40@2x.png ... 
2019-01-19 04:52:03 +0000  3630 bytes for ./AppIcon40x40@2x.png
copying file ./AppIcon29x29@3x.png ... 
2019-01-19 04:52:03 +0000  3999 bytes for ./AppIcon29x29@3x.png
2019-01-19 04:52:03 +0000  copying file ./AppIcon60x60@3x.png ... 
2019-01-19 04:52:03 +0000  11815 bytes for ./AppIcon60x60@3x.png
2019-01-19 04:52:03 +0000  copying file ./Base.lproj/Main.storyboardc/UIViewController-BYZ-38-t0r.nib ... 
2019-01-19 04:52:03 +0000  923 bytes for ./Base.lproj/Main.storyboardc/UIViewController-BYZ-38-t0r.nib
2019-01-19 04:52:03 +0000  copying file ./Base.lproj/Main.storyboardc/BYZ-38-t0r-view-8bC-Xf-vdC.nib ... 
2019-01-19 04:52:03 +0000  1790 bytes for ./Base.lproj/Main.storyboardc/BYZ-38-t0r-view-8bC-Xf-vdC.nib
copying file ./Base.lproj/Main.storyboardc/Info.plist ... 
2019-01-19 04:52:03 +0000  258 bytes for ./Base.lproj/Main.storyboardc/Info.plist
2019-01-19 04:52:03 +0000  copying file ./Base.lproj/LaunchScreen.storyboardc/01J-lp-oVM-view-Ze5-6b-2t3.nib ... 
2019-01-19 04:52:03 +0000  2156 bytes for ./Base.lproj/LaunchScreen.storyboardc/01J-lp-oVM-view-Ze5-6b-2t3.nib
copying file ./Base.lproj/LaunchScreen.storyboardc/UIViewController-01J-lp-oVM.nib ... 
2019-01-19 04:52:03 +0000  832 bytes for ./Base.lproj/LaunchScreen.storyboardc/UIViewController-01J-lp-oVM.nib
copying file ./Base.lproj/LaunchScreen.storyboardc/Info.plist ... 
2019-01-19 04:52:03 +0000  258 bytes for ./Base.lproj/LaunchScreen.storyboardc/Info.plist
2019-01-19 04:52:03 +0000  copying file ./zh-Hant.lproj/LaunchScreen.strings ... 
2019-01-19 04:52:03 +0000  1 bytes for ./zh-Hant.lproj/LaunchScreen.strings
2019-01-19 04:52:03 +0000  copying file ./zh-Hant.lproj/Main.strings ... 
2019-01-19 04:52:03 +0000  1 bytes for ./zh-Hant.lproj/Main.strings
2019-01-19 04:52:03 +0000  copying file ./flutter_assets/LICENSE ... 
2019-01-19 04:52:03 +0000  652967 bytes for ./flutter_assets/LICENSE
2019-01-19 04:52:03 +0000  copying file ./flutter_assets/AssetManifest.json ... 
2019-01-19 04:52:03 +0000  641 bytes for ./flutter_assets/AssetManifest.json
2019-01-19 04:52:03 +0000  copying file ./flutter_assets/FontManifest.json ... 
2019-01-19 04:52:03 +0000  289 bytes for ./flutter_assets/FontManifest.json
2019-01-19 04:52:03 +0000  copying file ./flutter_assets/packages/cupertino_icons/assets/CupertinoIcons.ttf ... 
2019-01-19 04:52:03 +0000  97680 bytes for ./flutter_assets/packages/cupertino_icons/assets/CupertinoIcons.ttf
2019-01-19 04:52:03 +0000  copying file ./flutter_assets/lib/assets/images/login_background.png ... 
2019-01-19 04:52:03 +0000  213878 bytes for ./flutter_assets/lib/assets/images/login_background.png
2019-01-19 04:52:03 +0000  copying file ./flutter_assets/lib/assets/images/Foxconn.svg ... 
2019-01-19 04:52:03 +0000  119490 bytes for ./flutter_assets/lib/assets/images/Foxconn.svg
2019-01-19 04:52:03 +0000  copying file ./flutter_assets/lib/assets/images/home_background.png ... 
2019-01-19 04:52:03 +0000  2440431 bytes for ./flutter_assets/lib/assets/images/home_background.png
2019-01-19 04:52:03 +0000  copying file ./flutter_assets/lib/assets/images/Foxconn.png ... 
228960 bytes for ./flutter_assets/lib/assets/images/Foxconn.png
copying file ./flutter_assets/lib/assets/images/Powered_by_honeywell.svg ... 
2019-01-19 04:52:03 +0000  7041 bytes for ./flutter_assets/lib/assets/images/Powered_by_honeywell.svg
copying file ./flutter_assets/lib/assets/images/logo.png ... 
2019-01-19 04:52:03 +0000  26836 bytes for ./flutter_assets/lib/assets/images/logo.png
copying file ./flutter_assets/lib/assets/images/Honeywell_start.png ... 
2019-01-19 04:52:03 +0000  9152 bytes for ./flutter_assets/lib/assets/images/Honeywell_start.png
2019-01-19 04:52:03 +0000  copying file ./flutter_assets/fonts/MaterialIcons-Regular.ttf ... 
2019-01-19 04:52:03 +0000  134640 bytes for ./flutter_assets/fonts/MaterialIcons-Regular.ttf
2019-01-19 04:52:03 +0000  copying file ./Assets.car ... 
2019-01-19 04:52:03 +0000  729624 bytes for ./Assets.car
2019-01-19 04:52:03 +0000  copying file ./AppFrameworkInfo.plist ... 
2019-01-19 04:52:03 +0000  376 bytes for ./AppFrameworkInfo.plist
copying file ./AppIcon40x40@2x~ipad.png ... 
2019-01-19 04:52:03 +0000  3630 bytes for ./AppIcon40x40@2x~ipad.png
2019-01-19 04:52:03 +0000  copying file ./AppIcon76x76@2x~ipad.png ... 
2019-01-19 04:52:03 +0000  8916 bytes for ./AppIcon76x76@2x~ipad.png
copying file ./AppIcon72x72~ipad.png ... 
2019-01-19 04:52:03 +0000  3180 bytes for ./AppIcon72x72~ipad.png
2019-01-19 04:52:03 +0000  copying file ./AppIcon83.5x83.5@2x~ipad.png ... 
2019-01-19 04:52:03 +0000  10381 bytes for ./AppIcon83.5x83.5@2x~ipad.png
2019-01-19 04:52:03 +0000  copying file ./AppIcon50x50~ipad.png ... 
2019-01-19 04:52:03 +0000  2288 bytes for ./AppIcon50x50~ipad.png
copying file ./AppIcon29x29@2x~ipad.png ... 
2019-01-19 04:52:03 +0000  2348 bytes for ./AppIcon29x29@2x~ipad.png
2019-01-19 04:52:03 +0000  copying file ./AppIcon50x50@2x~ipad.png ... 
2019-01-19 04:52:03 +0000  4816 bytes for ./AppIcon50x50@2x~ipad.png
2019-01-19 04:52:03 +0000  copying file ./AppIcon40x40~ipad.png ... 
2019-01-19 04:52:03 +0000  1751 bytes for ./AppIcon40x40~ipad.png
2019-01-19 04:52:03 +0000  copying file ./Frameworks/Flutter.framework/_CodeSignature/CodeResources ... 
2019-01-19 04:52:03 +0000  2084 bytes for ./Frameworks/Flutter.framework/_CodeSignature/CodeResources
2019-01-19 04:52:03 +0000  copying file ./Frameworks/Flutter.framework/icudtl.dat ... 
2019-01-19 04:52:03 +0000  883280 bytes for ./Frameworks/Flutter.framework/icudtl.dat
copying file ./Frameworks/Flutter.framework/Flutter ... 
2019-01-19 04:52:03 +0000  12998064 bytes for ./Frameworks/Flutter.framework/Flutter
copying file ./Frameworks/Flutter.framework/Info.plist ... 
777 bytes for ./Frameworks/Flutter.framework/Info.plist
copying file ./Frameworks/App.framework/_CodeSignature/CodeResources ... 
1798 bytes for ./Frameworks/App.framework/_CodeSignature/CodeResources
copying file ./Frameworks/App.framework/App ... 
2019-01-19 04:52:03 +0000  19731280 bytes for ./Frameworks/App.framework/App
2019-01-19 04:52:03 +0000  copying file ./Frameworks/App.framework/Info.plist ... 
773 bytes for ./Frameworks/App.framework/Info.plist
copying file ./AppIcon20x20~ipad.png ... 
943 bytes for ./AppIcon20x20~ipad.png
copying file ./embedded.mobileprovision ... 
8106 bytes for ./embedded.mobileprovision
copying file ./AppIcon20x20@2x~ipad.png ... 
1751 bytes for ./AppIcon20x20@2x~ipad.png
copying file ./Info.plist ... 
1773 bytes for ./Info.plist
copying file ./PkgInfo ... 
8 bytes for ./PkgInfo
copying file ./AppIcon76x76~ipad.png ... 
3390 bytes for ./AppIcon76x76~ipad.png
2019-01-19 04:52:03 +0000  /usr/bin/ditto exited with 0
2019-01-19 04:52:03 +0000  Processing step: IDEDistributionEmbedProfileStep
2019-01-19 04:52:03 +0000  Skipping profile for item: <IDEDistributionItem: 0x7f897a3b2240 'io.flutter.flutter.app' '<DVTFilePath:0x7f89794e66e0:'/Users/ruri/Library/Developer/Xcode/Archives/2019-01-19/Runner 2019-1-19, 12.51 PM.xcarchive/Products/Applications/Runner.app/Frameworks/App.framework'>'>
2019-01-19 04:52:03 +0000  Skipping profile for item: <IDEDistributionItem: 0x7f89796ed540 'io.flutter.flutter' '<DVTFilePath:0x7f897a439f30:'/Users/ruri/Library/Developer/Xcode/Archives/2019-01-19/Runner 2019-1-19, 12.51 PM.xcarchive/Products/Applications/Runner.app/Frameworks/Flutter.framework'>'>
2019-01-19 04:52:03 +0000  Processing step: IDEDistributionAppThinningPlistStep
2019-01-19 04:52:03 +0000  Skipping step: IDEDistributionAppThinningPlistStep because it said so
2019-01-19 04:52:03 +0000  Processing step: IDEDistributionCompileBitcodeStep
2019-01-19 04:52:03 +0000  Skipping step: IDEDistributionCompileBitcodeStep because it said so
2019-01-19 04:52:03 +0000  Processing step: IDEDistributionCodeSlimmingStep
2019-01-19 04:52:03 +0000  Processing step: IDEDistributionCopyBCSymbolMapsStep
2019-01-19 04:52:03 +0000  Skipping step: IDEDistributionCopyBCSymbolMapsStep because it said so
2019-01-19 04:52:03 +0000  Skipping step: IDEDistributionCopyBCSymbolMapsStep because it said so
2019-01-19 04:52:03 +0000  Skipping step: IDEDistributionCopyBCSymbolMapsStep because it said so
2019-01-19 04:52:03 +0000  Processing step: IDEDistributionSymbolsStep
2019-01-19 04:52:03 +0000  Skipping step: IDEDistributionSymbolsStep because it said so
2019-01-19 04:52:03 +0000  Skipping step: IDEDistributionSymbolsStep because it said so
2019-01-19 04:52:03 +0000  Skipping step: IDEDistributionSymbolsStep because it said so
2019-01-19 04:52:03 +0000  Processing step: IDEDistributionAppThinningStep
2019-01-19 04:52:03 +0000  Skipping step: IDEDistributionAppThinningStep because it said so
2019-01-19 04:52:03 +0000  Processing step: IDEDistributionArchThinningStep
2019-01-19 04:52:03 +0000  Running /Applications/Xcode.app/Contents/Developer/Toolchains/XcodeDefault.xctoolchain/usr/bin/lipo '/var/folders/n9/5jb_2szs47jc0wpfqz659dcr0000gn/T/XcodeDistPipeline.cuB/Root/Payload/Runner.app/Frameworks/App.framework/App' '-verify_arch' 'arm64e'
2019-01-19 04:52:03 +0000  /Applications/Xcode.app/Contents/Developer/Toolchains/XcodeDefault.xctoolchain/usr/bin/lipo exited with 1
2019-01-19 04:52:03 +0000  Skipping architecture thinning for item "App" because arch "arm64e" wasn't found
2019-01-19 04:52:03 +0000  Running /Applications/Xcode.app/Contents/Developer/Toolchains/XcodeDefault.xctoolchain/usr/bin/lipo '/var/folders/n9/5jb_2szs47jc0wpfqz659dcr0000gn/T/XcodeDistPipeline.cuB/Root/Payload/Runner.app/Frameworks/Flutter.framework/Flutter' '-verify_arch' 'arm64e'
2019-01-19 04:52:03 +0000  /Applications/Xcode.app/Contents/Developer/Toolchains/XcodeDefault.xctoolchain/usr/bin/lipo exited with 1
2019-01-19 04:52:03 +0000  Skipping architecture thinning for item "Flutter" because arch "arm64e" wasn't found
2019-01-19 04:52:03 +0000  Running /Applications/Xcode.app/Contents/Developer/Toolchains/XcodeDefault.xctoolchain/usr/bin/lipo '/var/folders/n9/5jb_2szs47jc0wpfqz659dcr0000gn/T/XcodeDistPipeline.cuB/Root/Payload/Runner.app/Runner' '-verify_arch' 'arm64e'
2019-01-19 04:52:03 +0000  /Applications/Xcode.app/Contents/Developer/Toolchains/XcodeDefault.xctoolchain/usr/bin/lipo exited with 1
2019-01-19 04:52:03 +0000  Skipping architecture thinning for item "Runner" because arch "arm64e" wasn't found
2019-01-19 04:52:03 +0000  Processing step: IDEDistributionODRStep
2019-01-19 04:52:03 +0000  Processing step: IDEDistributionStripXattrsStep
2019-01-19 04:52:03 +0000  Skipping stripping extended attributes of item: <IDEDistributionItem: 0x7f897a3b2240 'io.flutter.flutter.app' '<DVTFilePath:0x7f89794e66e0:'/Users/ruri/Library/Developer/Xcode/Archives/2019-01-19/Runner 2019-1-19, 12.51 PM.xcarchive/Products/Applications/Runner.app/Frameworks/App.framework'>'>
2019-01-19 04:52:03 +0000  Skipping stripping extended attributes of item: <IDEDistributionItem: 0x7f89796ed540 'io.flutter.flutter' '<DVTFilePath:0x7f897a439f30:'/Users/ruri/Library/Developer/Xcode/Archives/2019-01-19/Runner 2019-1-19, 12.51 PM.xcarchive/Products/Applications/Runner.app/Frameworks/Flutter.framework'>'>
2019-01-19 04:52:03 +0000  Running /usr/bin/xattr '-crs' '/var/folders/n9/5jb_2szs47jc0wpfqz659dcr0000gn/T/XcodeDistPipeline.cuB/Root/Payload/Runner.app'
2019-01-19 04:52:03 +0000  /usr/bin/xattr exited with 0
2019-01-19 04:52:03 +0000  Processing step: IDEDistributionCodesignStep
2019-01-19 04:52:03 +0000  Entitlements for <IDEDistributionItem: 0x7f897a3b2240 'io.flutter.flutter.app' '<DVTFilePath:0x7f89794e66e0:'/Users/ruri/Library/Developer/Xcode/Archives/2019-01-19/Runner 2019-1-19, 12.51 PM.xcarchive/Products/Applications/Runner.app/Frameworks/App.framework'>'>: {
}
2019-01-19 04:52:03 +0000  Writing entitlements for <IDEDistributionItem: 0x7f897a3b2240 'io.flutter.flutter.app' '<DVTFilePath:0x7f89794e66e0:'/Users/ruri/Library/Developer/Xcode/Archives/2019-01-19/Runner 2019-1-19, 12.51 PM.xcarchive/Products/Applications/Runner.app/Frameworks/App.framework'>'> to: /var/folders/n9/5jb_2szs47jc0wpfqz659dcr0000gn/T/XcodeDistPipeline.cuB/entitlementsjTtOop
2019-01-19 04:52:03 +0000  Running /usr/bin/codesign '-vvv' '--force' '--sign' '9E89E81B68EB251EA99DC75339F03EC2EE029ABD' '--entitlements' '/var/folders/n9/5jb_2szs47jc0wpfqz659dcr0000gn/T/XcodeDistPipeline.cuB/entitlementsjTtOop' '--preserve-metadata=identifier,flags,runtime' '/var/folders/n9/5jb_2szs47jc0wpfqz659dcr0000gn/T/XcodeDistPipeline.cuB/Root/Payload/Runner.app/Frameworks/App.framework'
2019-01-19 04:52:03 +0000  /var/folders/n9/5jb_2szs47jc0wpfqz659dcr0000gn/T/XcodeDistPipeline.cuB/Root/Payload/Runner.app/Frameworks/App.framework: replacing existing signature
2019-01-19 04:52:04 +0000  /var/folders/n9/5jb_2szs47jc0wpfqz659dcr0000gn/T/XcodeDistPipeline.cuB/Root/Payload/Runner.app/Frameworks/App.framework: signed bundle with Mach-O universal (armv7 arm64) [io.flutter.flutter.app]
2019-01-19 04:52:04 +0000  /usr/bin/codesign exited with 0
2019-01-19 04:52:04 +0000  Entitlements for <IDEDistributionItem: 0x7f89796ed540 'io.flutter.flutter' '<DVTFilePath:0x7f897a439f30:'/Users/ruri/Library/Developer/Xcode/Archives/2019-01-19/Runner 2019-1-19, 12.51 PM.xcarchive/Products/Applications/Runner.app/Frameworks/Flutter.framework'>'>: {
}
2019-01-19 04:52:04 +0000  Writing entitlements for <IDEDistributionItem: 0x7f89796ed540 'io.flutter.flutter' '<DVTFilePath:0x7f897a439f30:'/Users/ruri/Library/Developer/Xcode/Archives/2019-01-19/Runner 2019-1-19, 12.51 PM.xcarchive/Products/Applications/Runner.app/Frameworks/Flutter.framework'>'> to: /var/folders/n9/5jb_2szs47jc0wpfqz659dcr0000gn/T/XcodeDistPipeline.cuB/entitlementsaMpBMX
2019-01-19 04:52:04 +0000  Running /usr/bin/codesign '-vvv' '--force' '--sign' '9E89E81B68EB251EA99DC75339F03EC2EE029ABD' '--entitlements' '/var/folders/n9/5jb_2szs47jc0wpfqz659dcr0000gn/T/XcodeDistPipeline.cuB/entitlementsaMpBMX' '--preserve-metadata=identifier,flags,runtime' '/var/folders/n9/5jb_2szs47jc0wpfqz659dcr0000gn/T/XcodeDistPipeline.cuB/Root/Payload/Runner.app/Frameworks/Flutter.framework'
2019-01-19 04:52:04 +0000  /var/folders/n9/5jb_2szs47jc0wpfqz659dcr0000gn/T/XcodeDistPipeline.cuB/Root/Payload/Runner.app/Frameworks/Flutter.framework: replacing existing signature
2019-01-19 04:52:04 +0000  /var/folders/n9/5jb_2szs47jc0wpfqz659dcr0000gn/T/XcodeDistPipeline.cuB/Root/Payload/Runner.app/Frameworks/Flutter.framework: signed bundle with Mach-O universal (armv7 arm64) [io.flutter.flutter]
2019-01-19 04:52:04 +0000  /usr/bin/codesign exited with 0
2019-01-19 04:52:04 +0000  Entitlements for <IDEDistributionItem: 0x7f897a512380 'com.honeywell.iot' '<DVTFilePath:0x7f8978fce460:'/Users/ruri/Library/Developer/Xcode/Archives/2019-01-19/Runner 2019-1-19, 12.51 PM.xcarchive/Products/Applications/Runner.app'>'>: {
    "application-identifier" = "BZV32XF67X.com.honeywell.iot";
    "com.apple.developer.team-identifier" = BZV32XF67X;
    "get-task-allow" = 0;
    "keychain-access-groups" =     (
        "BZV32XF67X.com.honeywell.iot"
    );
}
2019-01-19 04:52:04 +0000  Writing entitlements for <IDEDistributionItem: 0x7f897a512380 'com.honeywell.iot' '<DVTFilePath:0x7f8978fce460:'/Users/ruri/Library/Developer/Xcode/Archives/2019-01-19/Runner 2019-1-19, 12.51 PM.xcarchive/Products/Applications/Runner.app'>'> to: /var/folders/n9/5jb_2szs47jc0wpfqz659dcr0000gn/T/XcodeDistPipeline.cuB/entitlementsjkQjtp
2019-01-19 04:52:04 +0000  Running /usr/bin/codesign '-vvv' '--force' '--sign' '9E89E81B68EB251EA99DC75339F03EC2EE029ABD' '--entitlements' '/var/folders/n9/5jb_2szs47jc0wpfqz659dcr0000gn/T/XcodeDistPipeline.cuB/entitlementsjkQjtp' '--preserve-metadata=identifier,flags,runtime' '/var/folders/n9/5jb_2szs47jc0wpfqz659dcr0000gn/T/XcodeDistPipeline.cuB/Root/Payload/Runner.app'
2019-01-19 04:52:04 +0000  /var/folders/n9/5jb_2szs47jc0wpfqz659dcr0000gn/T/XcodeDistPipeline.cuB/Root/Payload/Runner.app: replacing existing signature
2019-01-19 04:52:04 +0000  /var/folders/n9/5jb_2szs47jc0wpfqz659dcr0000gn/T/XcodeDistPipeline.cuB/Root/Payload/Runner.app: signed app bundle with Mach-O universal (armv7 arm64) [com.honeywell.iot]
2019-01-19 04:52:04 +0000  /usr/bin/codesign exited with 0
2019-01-19 04:52:04 +0000  Processing step: IDEDistributionZipODRItemStep
2019-01-19 04:52:04 +0000  Skipping step: IDEDistributionZipODRItemStep because it said so
2019-01-19 04:52:04 +0000  Skipping step: IDEDistributionZipODRItemStep because it said so
2019-01-19 04:52:04 +0000  Skipping step: IDEDistributionZipODRItemStep because it said so
2019-01-19 04:52:04 +0000  Processing step: IDEDistributionCreateIPAStep
2019-01-19 04:52:04 +0000  Running /usr/bin/ditto '-V' '-c' '-k' '--norsrc' '/var/folders/n9/5jb_2szs47jc0wpfqz659dcr0000gn/T/XcodeDistPipeline.cuB/Root' '/var/folders/n9/5jb_2szs47jc0wpfqz659dcr0000gn/T/XcodeDistPipeline.cuB/Packages/Runner.ipa'
2019-01-19 04:52:04 +0000  >>> Copying /var/folders/n9/5jb_2szs47jc0wpfqz659dcr0000gn/T/XcodeDistPipeline.cuB/Root 
2019-01-19 04:52:04 +0000  copying file ./Payload/Runner.app/_CodeSignature/CodeResources ... 
2019-01-19 04:52:04 +0000  20725 bytes for ./Payload/Runner.app/_CodeSignature/CodeResources
2019-01-19 04:52:04 +0000  copying file ./Payload/Runner.app/zh-Hans.lproj/LaunchScreen.strings ... 
1 bytes for ./Payload/Runner.app/zh-Hans.lproj/LaunchScreen.strings
copying file ./Payload/Runner.app/zh-Hans.lproj/Main.strings ... 
2019-01-19 04:52:04 +0000  1 bytes for ./Payload/Runner.app/zh-Hans.lproj/Main.strings
copying file ./Payload/Runner.app/AppIcon20x20@2x.png ... 
2019-01-19 04:52:04 +0000  1751 bytes for ./Payload/Runner.app/AppIcon20x20@2x.png
2019-01-19 04:52:04 +0000  copying file ./Payload/Runner.app/AppIcon57x57.png ... 
2294 bytes for ./Payload/Runner.app/AppIcon57x57.png
copying file ./Payload/Runner.app/AppIcon20x20@3x.png ... 
2019-01-19 04:52:04 +0000  2408 bytes for ./Payload/Runner.app/AppIcon20x20@3x.png
copying file ./Payload/Runner.app/AppIcon29x29.png ... 
2019-01-19 04:52:04 +0000  1214 bytes for ./Payload/Runner.app/AppIcon29x29.png
copying file ./Payload/Runner.app/AppIcon60x60@2x.png ... 
2019-01-19 04:52:04 +0000  6225 bytes for ./Payload/Runner.app/AppIcon60x60@2x.png
copying file ./Payload/Runner.app/AppIcon72x72@2x~ipad.png ... 
2019-01-19 04:52:04 +0000  8332 bytes for ./Payload/Runner.app/AppIcon72x72@2x~ipad.png
2019-01-19 04:52:04 +0000  copying file ./Payload/Runner.app/Runner ... 
2019-01-19 04:52:04 +0000  468112 bytes for ./Payload/Runner.app/Runner
2019-01-19 04:52:04 +0000  copying file ./Payload/Runner.app/AppIcon29x29@2x.png ... 
2019-01-19 04:52:04 +0000  2348 bytes for ./Payload/Runner.app/AppIcon29x29@2x.png
copying file ./Payload/Runner.app/AppIcon40x40@3x.png ... 
2019-01-19 04:52:04 +0000  6225 bytes for ./Payload/Runner.app/AppIcon40x40@3x.png
2019-01-19 04:52:04 +0000  copying file ./Payload/Runner.app/AppIcon57x57@2x.png ... 
5861 bytes for ./Payload/Runner.app/AppIcon57x57@2x.png
copying file ./Payload/Runner.app/Debug.xcconfig ... 
2019-01-19 04:52:04 +0000  106 bytes for ./Payload/Runner.app/Debug.xcconfig
copying file ./Payload/Runner.app/AppIcon29x29~ipad.png ... 
2019-01-19 04:52:04 +0000  1214 bytes for ./Payload/Runner.app/AppIcon29x29~ipad.png
copying file ./Payload/Runner.app/AppIcon40x40@2x.png ... 
2019-01-19 04:52:04 +0000  3630 bytes for ./Payload/Runner.app/AppIcon40x40@2x.png
copying file ./Payload/Runner.app/AppIcon29x29@3x.png ... 
2019-01-19 04:52:04 +0000  3999 bytes for ./Payload/Runner.app/AppIcon29x29@3x.png
copying file ./Payload/Runner.app/AppIcon60x60@3x.png ... 
2019-01-19 04:52:04 +0000  11815 bytes for ./Payload/Runner.app/AppIcon60x60@3x.png
2019-01-19 04:52:04 +0000  copying file ./Payload/Runner.app/Base.lproj/Main.storyboardc/UIViewController-BYZ-38-t0r.nib ... 
2019-01-19 04:52:04 +0000  923 bytes for ./Payload/Runner.app/Base.lproj/Main.storyboardc/UIViewController-BYZ-38-t0r.nib
copying file ./Payload/Runner.app/Base.lproj/Main.storyboardc/BYZ-38-t0r-view-8bC-Xf-vdC.nib ... 
2019-01-19 04:52:04 +0000  1790 bytes for ./Payload/Runner.app/Base.lproj/Main.storyboardc/BYZ-38-t0r-view-8bC-Xf-vdC.nib
copying file ./Payload/Runner.app/Base.lproj/Main.storyboardc/Info.plist ... 
258 bytes for ./Payload/Runner.app/Base.lproj/Main.storyboardc/Info.plist
copying file ./Payload/Runner.app/Base.lproj/LaunchScreen.storyboardc/01J-lp-oVM-view-Ze5-6b-2t3.nib ... 
2019-01-19 04:52:04 +0000  2156 bytes for ./Payload/Runner.app/Base.lproj/LaunchScreen.storyboardc/01J-lp-oVM-view-Ze5-6b-2t3.nib
copying file ./Payload/Runner.app/Base.lproj/LaunchScreen.storyboardc/UIViewController-01J-lp-oVM.nib ... 
2019-01-19 04:52:04 +0000  832 bytes for ./Payload/Runner.app/Base.lproj/LaunchScreen.storyboardc/UIViewController-01J-lp-oVM.nib
copying file ./Payload/Runner.app/Base.lproj/LaunchScreen.storyboardc/Info.plist ... 
2019-01-19 04:52:04 +0000  258 bytes for ./Payload/Runner.app/Base.lproj/LaunchScreen.storyboardc/Info.plist
copying file ./Payload/Runner.app/zh-Hant.lproj/LaunchScreen.strings ... 
2019-01-19 04:52:04 +0000  1 bytes for ./Payload/Runner.app/zh-Hant.lproj/LaunchScreen.strings
copying file ./Payload/Runner.app/zh-Hant.lproj/Main.strings ... 
1 bytes for ./Payload/Runner.app/zh-Hant.lproj/Main.strings
copying file ./Payload/Runner.app/flutter_assets/LICENSE ... 
2019-01-19 04:52:04 +0000  652967 bytes for ./Payload/Runner.app/flutter_assets/LICENSE
2019-01-19 04:52:04 +0000  copying file ./Payload/Runner.app/flutter_assets/AssetManifest.json ... 
641 bytes for ./Payload/Runner.app/flutter_assets/AssetManifest.json
copying file ./Payload/Runner.app/flutter_assets/FontManifest.json ... 
2019-01-19 04:52:04 +0000  289 bytes for ./Payload/Runner.app/flutter_assets/FontManifest.json
copying file ./Payload/Runner.app/flutter_assets/packages/cupertino_icons/assets/CupertinoIcons.ttf ... 
2019-01-19 04:52:04 +0000  97680 bytes for ./Payload/Runner.app/flutter_assets/packages/cupertino_icons/assets/CupertinoIcons.ttf
2019-01-19 04:52:04 +0000  copying file ./Payload/Runner.app/flutter_assets/lib/assets/images/login_background.png ... 
2019-01-19 04:52:04 +0000  213878 bytes for ./Payload/Runner.app/flutter_assets/lib/assets/images/login_background.png
2019-01-19 04:52:04 +0000  copying file ./Payload/Runner.app/flutter_assets/lib/assets/images/Foxconn.svg ... 
2019-01-19 04:52:04 +0000  119490 bytes for ./Payload/Runner.app/flutter_assets/lib/assets/images/Foxconn.svg
2019-01-19 04:52:04 +0000  copying file ./Payload/Runner.app/flutter_assets/lib/assets/images/home_background.png ... 
2019-01-19 04:52:04 +0000  2440431 bytes for ./Payload/Runner.app/flutter_assets/lib/assets/images/home_background.png
2019-01-19 04:52:04 +0000  copying file ./Payload/Runner.app/flutter_assets/lib/assets/images/Foxconn.png ... 
2019-01-19 04:52:04 +0000  228960 bytes for ./Payload/Runner.app/flutter_assets/lib/assets/images/Foxconn.png
2019-01-19 04:52:04 +0000  copying file ./Payload/Runner.app/flutter_assets/lib/assets/images/Powered_by_honeywell.svg ... 
2019-01-19 04:52:04 +0000  7041 bytes for ./Payload/Runner.app/flutter_assets/lib/assets/images/Powered_by_honeywell.svg
copying file ./Payload/Runner.app/flutter_assets/lib/assets/images/logo.png ... 
2019-01-19 04:52:04 +0000  26836 bytes for ./Payload/Runner.app/flutter_assets/lib/assets/images/logo.png
2019-01-19 04:52:04 +0000  copying file ./Payload/Runner.app/flutter_assets/lib/assets/images/Honeywell_start.png ... 
2019-01-19 04:52:04 +0000  9152 bytes for ./Payload/Runner.app/flutter_assets/lib/assets/images/Honeywell_start.png
copying file ./Payload/Runner.app/flutter_assets/fonts/MaterialIcons-Regular.ttf ... 
2019-01-19 04:52:04 +0000  134640 bytes for ./Payload/Runner.app/flutter_assets/fonts/MaterialIcons-Regular.ttf
2019-01-19 04:52:04 +0000  copying file ./Payload/Runner.app/Assets.car ... 
2019-01-19 04:52:04 +0000  729624 bytes for ./Payload/Runner.app/Assets.car
2019-01-19 04:52:04 +0000  copying file ./Payload/Runner.app/AppFrameworkInfo.plist ... 
2019-01-19 04:52:04 +0000  376 bytes for ./Payload/Runner.app/AppFrameworkInfo.plist
copying file ./Payload/Runner.app/AppIcon40x40@2x~ipad.png ... 
2019-01-19 04:52:04 +0000  3630 bytes for ./Payload/Runner.app/AppIcon40x40@2x~ipad.png
copying file ./Payload/Runner.app/AppIcon76x76@2x~ipad.png ... 
2019-01-19 04:52:04 +0000  8916 bytes for ./Payload/Runner.app/AppIcon76x76@2x~ipad.png
2019-01-19 04:52:04 +0000  copying file ./Payload/Runner.app/AppIcon72x72~ipad.png ... 
3180 bytes for ./Payload/Runner.app/AppIcon72x72~ipad.png
copying file ./Payload/Runner.app/AppIcon83.5x83.5@2x~ipad.png ... 
2019-01-19 04:52:04 +0000  10381 bytes for ./Payload/Runner.app/AppIcon83.5x83.5@2x~ipad.png
2019-01-19 04:52:04 +0000  copying file ./Payload/Runner.app/AppIcon50x50~ipad.png ... 
2288 bytes for ./Payload/Runner.app/AppIcon50x50~ipad.png
copying file ./Payload/Runner.app/AppIcon29x29@2x~ipad.png ... 
2019-01-19 04:52:04 +0000  2348 bytes for ./Payload/Runner.app/AppIcon29x29@2x~ipad.png
copying file ./Payload/Runner.app/AppIcon50x50@2x~ipad.png ... 
2019-01-19 04:52:04 +0000  4816 bytes for ./Payload/Runner.app/AppIcon50x50@2x~ipad.png
2019-01-19 04:52:04 +0000  copying file ./Payload/Runner.app/AppIcon40x40~ipad.png ... 
1751 bytes for ./Payload/Runner.app/AppIcon40x40~ipad.png
2019-01-19 04:52:04 +0000  copying file ./Payload/Runner.app/Frameworks/Flutter.framework/_CodeSignature/CodeResources ... 
2019-01-19 04:52:04 +0000  2084 bytes for ./Payload/Runner.app/Frameworks/Flutter.framework/_CodeSignature/CodeResources
copying file ./Payload/Runner.app/Frameworks/Flutter.framework/icudtl.dat ... 
2019-01-19 04:52:04 +0000  883280 bytes for ./Payload/Runner.app/Frameworks/Flutter.framework/icudtl.dat
2019-01-19 04:52:04 +0000  copying file ./Payload/Runner.app/Frameworks/Flutter.framework/Flutter ... 
2019-01-19 04:52:05 +0000  12998368 bytes for ./Payload/Runner.app/Frameworks/Flutter.framework/Flutter
2019-01-19 04:52:05 +0000  copying file ./Payload/Runner.app/Frameworks/Flutter.framework/Info.plist ... 
777 bytes for ./Payload/Runner.app/Frameworks/Flutter.framework/Info.plist
copying file ./Payload/Runner.app/Frameworks/App.framework/_CodeSignature/CodeResources ... 
1798 bytes for ./Payload/Runner.app/Frameworks/App.framework/_CodeSignature/CodeResources
copying file ./Payload/Runner.app/Frameworks/App.framework/App ... 
2019-01-19 04:52:06 +0000  19731584 bytes for ./Payload/Runner.app/Frameworks/App.framework/App
2019-01-19 04:52:06 +0000  copying file ./Payload/Runner.app/Frameworks/App.framework/Info.plist ... 
773 bytes for ./Payload/Runner.app/Frameworks/App.framework/Info.plist
copying file ./Payload/Runner.app/AppIcon20x20~ipad.png ... 
2019-01-19 04:52:06 +0000  943 bytes for ./Payload/Runner.app/AppIcon20x20~ipad.png
copying file ./Payload/Runner.app/embedded.mobileprovision ... 
2019-01-19 04:52:06 +0000  8177 bytes for ./Payload/Runner.app/embedded.mobileprovision
copying file ./Payload/Runner.app/AppIcon20x20@2x~ipad.png ... 
2019-01-19 04:52:06 +0000  1751 bytes for ./Payload/Runner.app/AppIcon20x20@2x~ipad.png
copying file ./Payload/Runner.app/Info.plist ... 
2019-01-19 04:52:06 +0000  1773 bytes for ./Payload/Runner.app/Info.plist
copying file ./Payload/Runner.app/PkgInfo ... 
2019-01-19 04:52:06 +0000  8 bytes for ./Payload/Runner.app/PkgInfo
copying file ./Payload/Runner.app/AppIcon76x76~ipad.png ... 
2019-01-19 04:52:06 +0000  3390 bytes for ./Payload/Runner.app/AppIcon76x76~ipad.png
2019-01-19 04:52:06 +0000  /usr/bin/ditto exited with 0
2019-01-19 04:52:06 +0000  Processing step: IDEDistributionAppStoreInformationStep
2019-01-19 04:52:06 +0000  Skipping step: IDEDistributionAppStoreInformationStep because it said so
2019-01-19 04:52:06 +0000  Processing step: IDEDistributionCreateManifestStep
2019-01-19 04:52:20 +0000  Initial pipeline context: <IDEDistributionProcessingPipelineContext: 0x7f897a64ded0; archive(resolved)='<IDEArchive: 0x7f897931b430>', distributionTask(resolved)='2', distributionDestination(resolved)='1', distributionMethod(resolved)='<IDEDistributionMethodAdHoc: 0x7f897a25ff10>', team(resolved)='<IDEProvisioningDisambiguatableBasicTeam: 0x7f897921ed50; teamID='BZV32XF67X', teamName='YANCHENG WU', teamType='Individual', username='tenkairuri@icloud.com', isFreeProvisioningTeam='0'>'>
	Chain (12, self inclusive):
	<IDEDistributionProcessingPipelineContext: 0x7f897a64ded0; archive = '<IDEArchive: 0x7f897931b430>', distributionMethod='<IDEDistributionMethodAdHoc: 0x7f897a25ff10>', team='<IDEProvisioningDisambiguatableBasicTeam: 0x7f897921ed50; teamID='BZV32XF67X', teamName='YANCHENG WU', teamType='Individual', username='tenkairuri@icloud.com', isFreeProvisioningTeam='0'>'>
	<IDEDistributionProcessingPipelineContext: 0x7f897a64e250; archive = '<IDEArchive: 0x7f897931b430>', distributionMethod='<IDEDistributionMethodAdHoc: 0x7f897a25ff10>', team='<IDEProvisioningDisambiguatableBasicTeam: 0x7f897921ed50; teamID='BZV32XF67X', teamName='YANCHENG WU', teamType='Individual', username='tenkairuri@icloud.com', isFreeProvisioningTeam='0'>'>
	<IDEDistributionContext: 0x7f89762b7420; archive = '<IDEArchive: 0x7f897931b430>', distributionMethod='<IDEDistributionMethodAdHoc: 0x7f897a25ff10>', team='<IDEProvisioningDisambiguatableBasicTeam: 0x7f897921ed50; teamID='BZV32XF67X', teamName='YANCHENG WU', teamType='Individual', username='tenkairuri@icloud.com', isFreeProvisioningTeam='0'>'>
	<IDEDistributionContext: 0x7f897a5710a0; archive = '<IDEArchive: 0x7f897931b430>', distributionMethod='<IDEDistributionMethodAdHoc: 0x7f897a25ff10>', team='<IDEProvisioningDisambiguatableBasicTeam: 0x7f897921ed50; teamID='BZV32XF67X', teamName='YANCHENG WU', teamType='Individual', username='tenkairuri@icloud.com', isFreeProvisioningTeam='0'>'>
	<IDEDistributionContext: 0x7f897a3eaed0; archive = '<IDEArchive: 0x7f897931b430>', distributionMethod='<IDEDistributionMethodAdHoc: 0x7f897a25ff10>', team='<IDEProvisioningDisambiguatableBasicTeam: 0x7f897921ed50; teamID='BZV32XF67X', teamName='YANCHENG WU', teamType='Individual', username='tenkairuri@icloud.com', isFreeProvisioningTeam='0'>'>
	<IDEDistributionContext: 0x7f897a51feb0; archive = '<IDEArchive: 0x7f897931b430>', distributionMethod='<IDEDistributionMethodAdHoc: 0x7f897a25ff10>', team='<IDEProvisioningDisambiguatableBasicTeam: 0x7f897921ed50; teamID='BZV32XF67X', teamName='YANCHENG WU', teamType='Individual', username='tenkairuri@icloud.com', isFreeProvisioningTeam='0'>'>
	<IDEDistributionContext: 0x7f897a292400; archive = '<IDEArchive: 0x7f897931b430>', distributionMethod='<IDEDistributionMethodAdHoc: 0x7f897a25ff10>', team='<IDEProvisioningDisambiguatableBasicTeam: 0x7f897921ed50; teamID='BZV32XF67X', teamName='YANCHENG WU', teamType='Individual', username='tenkairuri@icloud.com', isFreeProvisioningTeam='0'>'>
	<IDEDistributionContext: 0x7f897a513ac0; archive = '<IDEArchive: 0x7f897931b430>', distributionMethod='<IDEDistributionMethodAdHoc: 0x7f897a25ff10>', team='<IDEProvisioningDisambiguatableBasicTeam: 0x7f897921ed50; teamID='BZV32XF67X', teamName='YANCHENG WU', teamType='Individual', username='tenkairuri@icloud.com', isFreeProvisioningTeam='0'>'>
	<IDEDistributionContext: 0x7f897a434fa0; archive = '<IDEArchive: 0x7f897931b430>', distributionMethod='<IDEDistributionMethodAdHoc: 0x7f897a25ff10>', team='<IDEProvisioningDisambiguatableBasicTeam: 0x7f897921ed50; teamID='BZV32XF67X', teamName='YANCHENG WU', teamType='Individual', username='tenkairuri@icloud.com', isFreeProvisioningTeam='0'>'>
	<IDEDistributionContext: 0x7f897a3b4ea0; archive = '<IDEArchive: 0x7f897931b430>', distributionMethod='<IDEDistributionMethodAdHoc: 0x7f897a25ff10>', team='(null)'>
	<IDEDistributionContext: 0x7f8977a87a30; archive = '<IDEArchive: 0x7f897931b430>', distributionMethod='<IDEDistributionMethodAdHoc: 0x7f897a25ff10>', team='(null)'>
	<IDEDistributionContext: 0x7f897953b0b0; archive = '<IDEArchive: 0x7f897931b430>', distributionMethod='(null)', team='(null)'>
</IDEDistributionProcessingPipelineContext: 0x7f897a64ded0>
2019-01-19 04:52:20 +0000  Processing step: IDEDistributionCreateDestRootStep
2019-01-19 04:52:20 +0000  Processing step: IDEDistributionCopyItemStep
2019-01-19 04:52:20 +0000  Running /usr/bin/ditto '-V' '/Users/ruri/Library/Developer/Xcode/Archives/2019-01-19/Runner 2019-1-19, 12.51 PM.xcarchive/Products/Applications/Runner.app' '/var/folders/n9/5jb_2szs47jc0wpfqz659dcr0000gn/T/XcodeDistPipeline.2UL/Root/Payload/Runner.app'
2019-01-19 04:52:20 +0000  >>> Copying /Users/ruri/Library/Developer/Xcode/Archives/2019-01-19/Runner 2019-1-19, 12.51 PM.xcarchive/Products/Applications/Runner.app 
2019-01-19 04:52:20 +0000  copying file ./_CodeSignature/CodeResources ... 
2019-01-19 04:52:20 +0000  20725 bytes for ./_CodeSignature/CodeResources
2019-01-19 04:52:20 +0000  copying file ./zh-Hans.lproj/LaunchScreen.strings ... 
2019-01-19 04:52:20 +0000  1 bytes for ./zh-Hans.lproj/LaunchScreen.strings
2019-01-19 04:52:20 +0000  copying file ./zh-Hans.lproj/Main.strings ... 
2019-01-19 04:52:20 +0000  1 bytes for ./zh-Hans.lproj/Main.strings
copying file ./AppIcon20x20@2x.png ... 
2019-01-19 04:52:20 +0000  1751 bytes for ./AppIcon20x20@2x.png
2019-01-19 04:52:20 +0000  copying file ./AppIcon57x57.png ... 
2019-01-19 04:52:20 +0000  2294 bytes for ./AppIcon57x57.png
2019-01-19 04:52:20 +0000  copying file ./AppIcon20x20@3x.png ... 
2019-01-19 04:52:20 +0000  2408 bytes for ./AppIcon20x20@3x.png
2019-01-19 04:52:20 +0000  copying file ./AppIcon29x29.png ... 
2019-01-19 04:52:20 +0000  1214 bytes for ./AppIcon29x29.png
2019-01-19 04:52:20 +0000  copying file ./AppIcon60x60@2x.png ... 
2019-01-19 04:52:20 +0000  6225 bytes for ./AppIcon60x60@2x.png
copying file ./AppIcon72x72@2x~ipad.png ... 
2019-01-19 04:52:20 +0000  8332 bytes for ./AppIcon72x72@2x~ipad.png
copying file ./Runner ... 
2019-01-19 04:52:20 +0000  468112 bytes for ./Runner
2019-01-19 04:52:20 +0000  copying file ./AppIcon29x29@2x.png ... 
2019-01-19 04:52:20 +0000  2348 bytes for ./AppIcon29x29@2x.png
2019-01-19 04:52:20 +0000  copying file ./AppIcon40x40@3x.png ... 
2019-01-19 04:52:20 +0000  6225 bytes for ./AppIcon40x40@3x.png
copying file ./AppIcon57x57@2x.png ... 
2019-01-19 04:52:20 +0000  5861 bytes for ./AppIcon57x57@2x.png
2019-01-19 04:52:20 +0000  copying file ./Debug.xcconfig ... 
2019-01-19 04:52:20 +0000  106 bytes for ./Debug.xcconfig
copying file ./AppIcon29x29~ipad.png ... 
2019-01-19 04:52:20 +0000  1214 bytes for ./AppIcon29x29~ipad.png
2019-01-19 04:52:20 +0000  copying file ./AppIcon40x40@2x.png ... 
2019-01-19 04:52:20 +0000  3630 bytes for ./AppIcon40x40@2x.png
copying file ./AppIcon29x29@3x.png ... 
2019-01-19 04:52:20 +0000  3999 bytes for ./AppIcon29x29@3x.png
2019-01-19 04:52:20 +0000  copying file ./AppIcon60x60@3x.png ... 
2019-01-19 04:52:20 +0000  11815 bytes for ./AppIcon60x60@3x.png
2019-01-19 04:52:20 +0000  copying file ./Base.lproj/Main.storyboardc/UIViewController-BYZ-38-t0r.nib ... 
2019-01-19 04:52:20 +0000  923 bytes for ./Base.lproj/Main.storyboardc/UIViewController-BYZ-38-t0r.nib
2019-01-19 04:52:20 +0000  copying file ./Base.lproj/Main.storyboardc/BYZ-38-t0r-view-8bC-Xf-vdC.nib ... 
2019-01-19 04:52:20 +0000  1790 bytes for ./Base.lproj/Main.storyboardc/BYZ-38-t0r-view-8bC-Xf-vdC.nib
copying file ./Base.lproj/Main.storyboardc/Info.plist ... 
2019-01-19 04:52:20 +0000  258 bytes for ./Base.lproj/Main.storyboardc/Info.plist
copying file ./Base.lproj/LaunchScreen.storyboardc/01J-lp-oVM-view-Ze5-6b-2t3.nib ... 
2019-01-19 04:52:20 +0000  2156 bytes for ./Base.lproj/LaunchScreen.storyboardc/01J-lp-oVM-view-Ze5-6b-2t3.nib
2019-01-19 04:52:20 +0000  copying file ./Base.lproj/LaunchScreen.storyboardc/UIViewController-01J-lp-oVM.nib ... 
2019-01-19 04:52:20 +0000  832 bytes for ./Base.lproj/LaunchScreen.storyboardc/UIViewController-01J-lp-oVM.nib
copying file ./Base.lproj/LaunchScreen.storyboardc/Info.plist ... 
2019-01-19 04:52:20 +0000  258 bytes for ./Base.lproj/LaunchScreen.storyboardc/Info.plist
2019-01-19 04:52:20 +0000  copying file ./zh-Hant.lproj/LaunchScreen.strings ... 
2019-01-19 04:52:20 +0000  1 bytes for ./zh-Hant.lproj/LaunchScreen.strings
2019-01-19 04:52:20 +0000  copying file ./zh-Hant.lproj/Main.strings ... 
2019-01-19 04:52:20 +0000  1 bytes for ./zh-Hant.lproj/Main.strings
2019-01-19 04:52:20 +0000  copying file ./flutter_assets/LICENSE ... 
2019-01-19 04:52:20 +0000  652967 bytes for ./flutter_assets/LICENSE
2019-01-19 04:52:20 +0000  copying file ./flutter_assets/AssetManifest.json ... 
2019-01-19 04:52:20 +0000  641 bytes for ./flutter_assets/AssetManifest.json
2019-01-19 04:52:20 +0000  copying file ./flutter_assets/FontManifest.json ... 
2019-01-19 04:52:20 +0000  289 bytes for ./flutter_assets/FontManifest.json
2019-01-19 04:52:20 +0000  copying file ./flutter_assets/packages/cupertino_icons/assets/CupertinoIcons.ttf ... 
2019-01-19 04:52:20 +0000  97680 bytes for ./flutter_assets/packages/cupertino_icons/assets/CupertinoIcons.ttf
2019-01-19 04:52:20 +0000  copying file ./flutter_assets/lib/assets/images/login_background.png ... 
2019-01-19 04:52:20 +0000  213878 bytes for ./flutter_assets/lib/assets/images/login_background.png
copying file ./flutter_assets/lib/assets/images/Foxconn.svg ... 
2019-01-19 04:52:20 +0000  119490 bytes for ./flutter_assets/lib/assets/images/Foxconn.svg
copying file ./flutter_assets/lib/assets/images/home_background.png ... 
2019-01-19 04:52:20 +0000  2440431 bytes for ./flutter_assets/lib/assets/images/home_background.png
2019-01-19 04:52:20 +0000  copying file ./flutter_assets/lib/assets/images/Foxconn.png ... 
228960 bytes for ./flutter_assets/lib/assets/images/Foxconn.png
copying file ./flutter_assets/lib/assets/images/Powered_by_honeywell.svg ... 
2019-01-19 04:52:20 +0000  7041 bytes for ./flutter_assets/lib/assets/images/Powered_by_honeywell.svg
copying file ./flutter_assets/lib/assets/images/logo.png ... 
2019-01-19 04:52:20 +0000  26836 bytes for ./flutter_assets/lib/assets/images/logo.png
2019-01-19 04:52:20 +0000  copying file ./flutter_assets/lib/assets/images/Honeywell_start.png ... 
2019-01-19 04:52:20 +0000  9152 bytes for ./flutter_assets/lib/assets/images/Honeywell_start.png
2019-01-19 04:52:20 +0000  copying file ./flutter_assets/fonts/MaterialIcons-Regular.ttf ... 
2019-01-19 04:52:20 +0000  134640 bytes for ./flutter_assets/fonts/MaterialIcons-Regular.ttf
2019-01-19 04:52:20 +0000  copying file ./Assets.car ... 
2019-01-19 04:52:20 +0000  729624 bytes for ./Assets.car
2019-01-19 04:52:20 +0000  copying file ./AppFrameworkInfo.plist ... 
376 bytes for ./AppFrameworkInfo.plist
copying file ./AppIcon40x40@2x~ipad.png ... 
2019-01-19 04:52:20 +0000  3630 bytes for ./AppIcon40x40@2x~ipad.png
2019-01-19 04:52:20 +0000  copying file ./AppIcon76x76@2x~ipad.png ... 
2019-01-19 04:52:20 +0000  8916 bytes for ./AppIcon76x76@2x~ipad.png
copying file ./AppIcon72x72~ipad.png ... 
2019-01-19 04:52:20 +0000  3180 bytes for ./AppIcon72x72~ipad.png
2019-01-19 04:52:20 +0000  copying file ./AppIcon83.5x83.5@2x~ipad.png ... 
2019-01-19 04:52:20 +0000  10381 bytes for ./AppIcon83.5x83.5@2x~ipad.png
copying file ./AppIcon50x50~ipad.png ... 
2019-01-19 04:52:20 +0000  2288 bytes for ./AppIcon50x50~ipad.png
2019-01-19 04:52:20 +0000  copying file ./AppIcon29x29@2x~ipad.png ... 
2348 bytes for ./AppIcon29x29@2x~ipad.png
2019-01-19 04:52:20 +0000  copying file ./AppIcon50x50@2x~ipad.png ... 
2019-01-19 04:52:20 +0000  4816 bytes for ./AppIcon50x50@2x~ipad.png
2019-01-19 04:52:20 +0000  copying file ./AppIcon40x40~ipad.png ... 
2019-01-19 04:52:20 +0000  1751 bytes for ./AppIcon40x40~ipad.png
2019-01-19 04:52:20 +0000  copying file ./Frameworks/Flutter.framework/_CodeSignature/CodeResources ... 
2019-01-19 04:52:20 +0000  2084 bytes for ./Frameworks/Flutter.framework/_CodeSignature/CodeResources
2019-01-19 04:52:20 +0000  copying file ./Frameworks/Flutter.framework/icudtl.dat ... 
2019-01-19 04:52:20 +0000  883280 bytes for ./Frameworks/Flutter.framework/icudtl.dat
2019-01-19 04:52:20 +0000  copying file ./Frameworks/Flutter.framework/Flutter ... 
2019-01-19 04:52:20 +0000  12998064 bytes for ./Frameworks/Flutter.framework/Flutter
2019-01-19 04:52:20 +0000  copying file ./Frameworks/Flutter.framework/Info.plist ... 
777 bytes for ./Frameworks/Flutter.framework/Info.plist
copying file ./Frameworks/App.framework/_CodeSignature/CodeResources ... 
1798 bytes for ./Frameworks/App.framework/_CodeSignature/CodeResources
copying file ./Frameworks/App.framework/App ... 
2019-01-19 04:52:20 +0000  19731280 bytes for ./Frameworks/App.framework/App
2019-01-19 04:52:20 +0000  /usr/bin/ditto exited with 0
2019-01-19 04:52:20 +0000  copying file ./Frameworks/App.framework/Info.plist ... 
773 bytes for ./Frameworks/App.framework/Info.plist
copying file ./AppIcon20x20~ipad.png ... 
943 bytes for ./AppIcon20x20~ipad.png
copying file ./embedded.mobileprovision ... 
8106 bytes for ./embedded.mobileprovision
copying file ./AppIcon20x20@2x~ipad.png ... 
1751 bytes for ./AppIcon20x20@2x~ipad.png
copying file ./Info.plist ... 
1773 bytes for ./Info.plist
copying file ./PkgInfo ... 
8 bytes for ./PkgInfo
copying file ./AppIcon76x76~ipad.png ... 
3390 bytes for ./AppIcon76x76~ipad.png
2019-01-19 04:52:20 +0000  Processing step: IDEDistributionEmbedProfileStep
2019-01-19 04:52:20 +0000  Skipping profile for item: <IDEDistributionItem: 0x7f897a3b2240 'io.flutter.flutter.app' '<DVTFilePath:0x7f89794e66e0:'/Users/ruri/Library/Developer/Xcode/Archives/2019-01-19/Runner 2019-1-19, 12.51 PM.xcarchive/Products/Applications/Runner.app/Frameworks/App.framework'>'>
2019-01-19 04:52:20 +0000  Skipping profile for item: <IDEDistributionItem: 0x7f89796ed540 'io.flutter.flutter' '<DVTFilePath:0x7f897a439f30:'/Users/ruri/Library/Developer/Xcode/Archives/2019-01-19/Runner 2019-1-19, 12.51 PM.xcarchive/Products/Applications/Runner.app/Frameworks/Flutter.framework'>'>
2019-01-19 04:52:20 +0000  Processing step: IDEDistributionAppThinningPlistStep
2019-01-19 04:52:20 +0000  Skipping step: IDEDistributionAppThinningPlistStep because it said so
2019-01-19 04:52:20 +0000  Processing step: IDEDistributionCompileBitcodeStep
2019-01-19 04:52:20 +0000  Skipping step: IDEDistributionCompileBitcodeStep because it said so
2019-01-19 04:52:20 +0000  Processing step: IDEDistributionCodeSlimmingStep
2019-01-19 04:52:20 +0000  Processing step: IDEDistributionCopyBCSymbolMapsStep
2019-01-19 04:52:20 +0000  Skipping step: IDEDistributionCopyBCSymbolMapsStep because it said so
2019-01-19 04:52:20 +0000  Skipping step: IDEDistributionCopyBCSymbolMapsStep because it said so
2019-01-19 04:52:20 +0000  Skipping step: IDEDistributionCopyBCSymbolMapsStep because it said so
2019-01-19 04:52:20 +0000  Processing step: IDEDistributionSymbolsStep
2019-01-19 04:52:20 +0000  Skipping step: IDEDistributionSymbolsStep because it said so
2019-01-19 04:52:20 +0000  Skipping step: IDEDistributionSymbolsStep because it said so
2019-01-19 04:52:20 +0000  Skipping step: IDEDistributionSymbolsStep because it said so
2019-01-19 04:52:20 +0000  Processing step: IDEDistributionAppThinningStep
2019-01-19 04:52:20 +0000  Skipping step: IDEDistributionAppThinningStep because it said so
2019-01-19 04:52:20 +0000  Processing step: IDEDistributionArchThinningStep
2019-01-19 04:52:20 +0000  Running /Applications/Xcode.app/Contents/Developer/Toolchains/XcodeDefault.xctoolchain/usr/bin/lipo '/var/folders/n9/5jb_2szs47jc0wpfqz659dcr0000gn/T/XcodeDistPipeline.2UL/Root/Payload/Runner.app/Frameworks/App.framework/App' '-verify_arch' 'arm64e'
2019-01-19 04:52:20 +0000  /Applications/Xcode.app/Contents/Developer/Toolchains/XcodeDefault.xctoolchain/usr/bin/lipo exited with 1
2019-01-19 04:52:20 +0000  Skipping architecture thinning for item "App" because arch "arm64e" wasn't found
2019-01-19 04:52:20 +0000  Running /Applications/Xcode.app/Contents/Developer/Toolchains/XcodeDefault.xctoolchain/usr/bin/lipo '/var/folders/n9/5jb_2szs47jc0wpfqz659dcr0000gn/T/XcodeDistPipeline.2UL/Root/Payload/Runner.app/Frameworks/Flutter.framework/Flutter' '-verify_arch' 'arm64e'
2019-01-19 04:52:20 +0000  /Applications/Xcode.app/Contents/Developer/Toolchains/XcodeDefault.xctoolchain/usr/bin/lipo exited with 1
2019-01-19 04:52:20 +0000  Skipping architecture thinning for item "Flutter" because arch "arm64e" wasn't found
2019-01-19 04:52:20 +0000  Running /Applications/Xcode.app/Contents/Developer/Toolchains/XcodeDefault.xctoolchain/usr/bin/lipo '/var/folders/n9/5jb_2szs47jc0wpfqz659dcr0000gn/T/XcodeDistPipeline.2UL/Root/Payload/Runner.app/Runner' '-verify_arch' 'arm64e'
2019-01-19 04:52:20 +0000  /Applications/Xcode.app/Contents/Developer/Toolchains/XcodeDefault.xctoolchain/usr/bin/lipo exited with 1
2019-01-19 04:52:20 +0000  Skipping architecture thinning for item "Runner" because arch "arm64e" wasn't found
2019-01-19 04:52:20 +0000  Processing step: IDEDistributionODRStep
2019-01-19 04:52:20 +0000  Processing step: IDEDistributionStripXattrsStep
2019-01-19 04:52:20 +0000  Skipping stripping extended attributes of item: <IDEDistributionItem: 0x7f897a3b2240 'io.flutter.flutter.app' '<DVTFilePath:0x7f89794e66e0:'/Users/ruri/Library/Developer/Xcode/Archives/2019-01-19/Runner 2019-1-19, 12.51 PM.xcarchive/Products/Applications/Runner.app/Frameworks/App.framework'>'>
2019-01-19 04:52:20 +0000  Skipping stripping extended attributes of item: <IDEDistributionItem: 0x7f89796ed540 'io.flutter.flutter' '<DVTFilePath:0x7f897a439f30:'/Users/ruri/Library/Developer/Xcode/Archives/2019-01-19/Runner 2019-1-19, 12.51 PM.xcarchive/Products/Applications/Runner.app/Frameworks/Flutter.framework'>'>
2019-01-19 04:52:20 +0000  Running /usr/bin/xattr '-crs' '/var/folders/n9/5jb_2szs47jc0wpfqz659dcr0000gn/T/XcodeDistPipeline.2UL/Root/Payload/Runner.app'
2019-01-19 04:52:21 +0000  /usr/bin/xattr exited with 0
2019-01-19 04:52:21 +0000  Processing step: IDEDistributionCodesignStep
2019-01-19 04:52:21 +0000  Entitlements for <IDEDistributionItem: 0x7f897a3b2240 'io.flutter.flutter.app' '<DVTFilePath:0x7f89794e66e0:'/Users/ruri/Library/Developer/Xcode/Archives/2019-01-19/Runner 2019-1-19, 12.51 PM.xcarchive/Products/Applications/Runner.app/Frameworks/App.framework'>'>: {
}
2019-01-19 04:52:21 +0000  Writing entitlements for <IDEDistributionItem: 0x7f897a3b2240 'io.flutter.flutter.app' '<DVTFilePath:0x7f89794e66e0:'/Users/ruri/Library/Developer/Xcode/Archives/2019-01-19/Runner 2019-1-19, 12.51 PM.xcarchive/Products/Applications/Runner.app/Frameworks/App.framework'>'> to: /var/folders/n9/5jb_2szs47jc0wpfqz659dcr0000gn/T/XcodeDistPipeline.2UL/entitlementsoKmnkt
2019-01-19 04:52:21 +0000  Running /usr/bin/codesign '-vvv' '--force' '--sign' '9E89E81B68EB251EA99DC75339F03EC2EE029ABD' '--entitlements' '/var/folders/n9/5jb_2szs47jc0wpfqz659dcr0000gn/T/XcodeDistPipeline.2UL/entitlementsoKmnkt' '--preserve-metadata=identifier,flags,runtime' '/var/folders/n9/5jb_2szs47jc0wpfqz659dcr0000gn/T/XcodeDistPipeline.2UL/Root/Payload/Runner.app/Frameworks/App.framework'
2019-01-19 04:52:21 +0000  /var/folders/n9/5jb_2szs47jc0wpfqz659dcr0000gn/T/XcodeDistPipeline.2UL/Root/Payload/Runner.app/Frameworks/App.framework: replacing existing signature
2019-01-19 04:52:21 +0000  /var/folders/n9/5jb_2szs47jc0wpfqz659dcr0000gn/T/XcodeDistPipeline.2UL/Root/Payload/Runner.app/Frameworks/App.framework: signed bundle with Mach-O universal (armv7 arm64) [io.flutter.flutter.app]
2019-01-19 04:52:21 +0000  /usr/bin/codesign exited with 0
2019-01-19 04:52:21 +0000  Entitlements for <IDEDistributionItem: 0x7f89796ed540 'io.flutter.flutter' '<DVTFilePath:0x7f897a439f30:'/Users/ruri/Library/Developer/Xcode/Archives/2019-01-19/Runner 2019-1-19, 12.51 PM.xcarchive/Products/Applications/Runner.app/Frameworks/Flutter.framework'>'>: {
}
2019-01-19 04:52:21 +0000  Writing entitlements for <IDEDistributionItem: 0x7f89796ed540 'io.flutter.flutter' '<DVTFilePath:0x7f897a439f30:'/Users/ruri/Library/Developer/Xcode/Archives/2019-01-19/Runner 2019-1-19, 12.51 PM.xcarchive/Products/Applications/Runner.app/Frameworks/Flutter.framework'>'> to: /var/folders/n9/5jb_2szs47jc0wpfqz659dcr0000gn/T/XcodeDistPipeline.2UL/entitlementsW7owHM
2019-01-19 04:52:21 +0000  Running /usr/bin/codesign '-vvv' '--force' '--sign' '9E89E81B68EB251EA99DC75339F03EC2EE029ABD' '--entitlements' '/var/folders/n9/5jb_2szs47jc0wpfqz659dcr0000gn/T/XcodeDistPipeline.2UL/entitlementsW7owHM' '--preserve-metadata=identifier,flags,runtime' '/var/folders/n9/5jb_2szs47jc0wpfqz659dcr0000gn/T/XcodeDistPipeline.2UL/Root/Payload/Runner.app/Frameworks/Flutter.framework'
2019-01-19 04:52:21 +0000  /var/folders/n9/5jb_2szs47jc0wpfqz659dcr0000gn/T/XcodeDistPipeline.2UL/Root/Payload/Runner.app/Frameworks/Flutter.framework: replacing existing signature
2019-01-19 04:52:21 +0000  /var/folders/n9/5jb_2szs47jc0wpfqz659dcr0000gn/T/XcodeDistPipeline.2UL/Root/Payload/Runner.app/Frameworks/Flutter.framework: signed bundle with Mach-O universal (armv7 arm64) [io.flutter.flutter]
2019-01-19 04:52:21 +0000  /usr/bin/codesign exited with 0
2019-01-19 04:52:21 +0000  Entitlements for <IDEDistributionItem: 0x7f897a512380 'com.honeywell.iot' '<DVTFilePath:0x7f8978fce460:'/Users/ruri/Library/Developer/Xcode/Archives/2019-01-19/Runner 2019-1-19, 12.51 PM.xcarchive/Products/Applications/Runner.app'>'>: {
    "application-identifier" = "BZV32XF67X.com.honeywell.iot";
    "com.apple.developer.team-identifier" = BZV32XF67X;
    "get-task-allow" = 0;
    "keychain-access-groups" =     (
        "BZV32XF67X.com.honeywell.iot"
    );
}
2019-01-19 04:52:21 +0000  Writing entitlements for <IDEDistributionItem: 0x7f897a512380 'com.honeywell.iot' '<DVTFilePath:0x7f8978fce460:'/Users/ruri/Library/Developer/Xcode/Archives/2019-01-19/Runner 2019-1-19, 12.51 PM.xcarchive/Products/Applications/Runner.app'>'> to: /var/folders/n9/5jb_2szs47jc0wpfqz659dcr0000gn/T/XcodeDistPipeline.2UL/entitlementszbbKmZ
2019-01-19 04:52:21 +0000  Running /usr/bin/codesign '-vvv' '--force' '--sign' '9E89E81B68EB251EA99DC75339F03EC2EE029ABD' '--entitlements' '/var/folders/n9/5jb_2szs47jc0wpfqz659dcr0000gn/T/XcodeDistPipeline.2UL/entitlementszbbKmZ' '--preserve-metadata=identifier,flags,runtime' '/var/folders/n9/5jb_2szs47jc0wpfqz659dcr0000gn/T/XcodeDistPipeline.2UL/Root/Payload/Runner.app'
2019-01-19 04:52:21 +0000  /var/folders/n9/5jb_2szs47jc0wpfqz659dcr0000gn/T/XcodeDistPipeline.2UL/Root/Payload/Runner.app: replacing existing signature
2019-01-19 04:52:21 +0000  /var/folders/n9/5jb_2szs47jc0wpfqz659dcr0000gn/T/XcodeDistPipeline.2UL/Root/Payload/Runner.app: signed app bundle with Mach-O universal (armv7 arm64) [com.honeywell.iot]
2019-01-19 04:52:21 +0000  /usr/bin/codesign exited with 0
2019-01-19 04:52:21 +0000  Processing step: IDEDistributionZipODRItemStep
2019-01-19 04:52:21 +0000  Skipping step: IDEDistributionZipODRItemStep because it said so
2019-01-19 04:52:21 +0000  Skipping step: IDEDistributionZipODRItemStep because it said so
2019-01-19 04:52:21 +0000  Skipping step: IDEDistributionZipODRItemStep because it said so
2019-01-19 04:52:21 +0000  Processing step: IDEDistributionCreateIPAStep
2019-01-19 04:52:21 +0000  Running /usr/bin/ditto '-V' '-c' '-k' '--norsrc' '/var/folders/n9/5jb_2szs47jc0wpfqz659dcr0000gn/T/XcodeDistPipeline.2UL/Root' '/var/folders/n9/5jb_2szs47jc0wpfqz659dcr0000gn/T/XcodeDistPipeline.2UL/Packages/Runner.ipa'
2019-01-19 04:52:21 +0000  >>> Copying /var/folders/n9/5jb_2szs47jc0wpfqz659dcr0000gn/T/XcodeDistPipeline.2UL/Root 
2019-01-19 04:52:21 +0000  copying file ./Payload/Runner.app/_CodeSignature/CodeResources ... 
2019-01-19 04:52:21 +0000  20725 bytes for ./Payload/Runner.app/_CodeSignature/CodeResources
2019-01-19 04:52:21 +0000  copying file ./Payload/Runner.app/zh-Hans.lproj/LaunchScreen.strings ... 
1 bytes for ./Payload/Runner.app/zh-Hans.lproj/LaunchScreen.strings
copying file ./Payload/Runner.app/zh-Hans.lproj/Main.strings ... 
2019-01-19 04:52:21 +0000  1 bytes for ./Payload/Runner.app/zh-Hans.lproj/Main.strings
2019-01-19 04:52:21 +0000  copying file ./Payload/Runner.app/AppIcon20x20@2x.png ... 
2019-01-19 04:52:21 +0000  1751 bytes for ./Payload/Runner.app/AppIcon20x20@2x.png
copying file ./Payload/Runner.app/AppIcon57x57.png ... 
2019-01-19 04:52:21 +0000  2294 bytes for ./Payload/Runner.app/AppIcon57x57.png
2019-01-19 04:52:21 +0000  copying file ./Payload/Runner.app/AppIcon20x20@3x.png ... 
2408 bytes for ./Payload/Runner.app/AppIcon20x20@3x.png
copying file ./Payload/Runner.app/AppIcon29x29.png ... 
2019-01-19 04:52:21 +0000  1214 bytes for ./Payload/Runner.app/AppIcon29x29.png
2019-01-19 04:52:21 +0000  copying file ./Payload/Runner.app/AppIcon60x60@2x.png ... 
6225 bytes for ./Payload/Runner.app/AppIcon60x60@2x.png
2019-01-19 04:52:21 +0000  copying file ./Payload/Runner.app/AppIcon72x72@2x~ipad.png ... 
2019-01-19 04:52:21 +0000  8332 bytes for ./Payload/Runner.app/AppIcon72x72@2x~ipad.png
2019-01-19 04:52:21 +0000  copying file ./Payload/Runner.app/Runner ... 
2019-01-19 04:52:21 +0000  468112 bytes for ./Payload/Runner.app/Runner
2019-01-19 04:52:21 +0000  copying file ./Payload/Runner.app/AppIcon29x29@2x.png ... 
2348 bytes for ./Payload/Runner.app/AppIcon29x29@2x.png
copying file ./Payload/Runner.app/AppIcon40x40@3x.png ... 
2019-01-19 04:52:21 +0000  6225 bytes for ./Payload/Runner.app/AppIcon40x40@3x.png
2019-01-19 04:52:21 +0000  copying file ./Payload/Runner.app/AppIcon57x57@2x.png ... 
2019-01-19 04:52:21 +0000  5861 bytes for ./Payload/Runner.app/AppIcon57x57@2x.png
2019-01-19 04:52:21 +0000  copying file ./Payload/Runner.app/Debug.xcconfig ... 
106 bytes for ./Payload/Runner.app/Debug.xcconfig
copying file ./Payload/Runner.app/AppIcon29x29~ipad.png ... 
2019-01-19 04:52:21 +0000  1214 bytes for ./Payload/Runner.app/AppIcon29x29~ipad.png
copying file ./Payload/Runner.app/AppIcon40x40@2x.png ... 
2019-01-19 04:52:21 +0000  3630 bytes for ./Payload/Runner.app/AppIcon40x40@2x.png
2019-01-19 04:52:21 +0000  copying file ./Payload/Runner.app/AppIcon29x29@3x.png ... 
3999 bytes for ./Payload/Runner.app/AppIcon29x29@3x.png
copying file ./Payload/Runner.app/AppIcon60x60@3x.png ... 
2019-01-19 04:52:21 +0000  11815 bytes for ./Payload/Runner.app/AppIcon60x60@3x.png
2019-01-19 04:52:21 +0000  copying file ./Payload/Runner.app/Base.lproj/Main.storyboardc/UIViewController-BYZ-38-t0r.nib ... 
2019-01-19 04:52:21 +0000  923 bytes for ./Payload/Runner.app/Base.lproj/Main.storyboardc/UIViewController-BYZ-38-t0r.nib
2019-01-19 04:52:21 +0000  copying file ./Payload/Runner.app/Base.lproj/Main.storyboardc/BYZ-38-t0r-view-8bC-Xf-vdC.nib ... 
1790 bytes for ./Payload/Runner.app/Base.lproj/Main.storyboardc/BYZ-38-t0r-view-8bC-Xf-vdC.nib
2019-01-19 04:52:21 +0000  copying file ./Payload/Runner.app/Base.lproj/Main.storyboardc/Info.plist ... 
258 bytes for ./Payload/Runner.app/Base.lproj/Main.storyboardc/Info.plist
2019-01-19 04:52:21 +0000  copying file ./Payload/Runner.app/Base.lproj/LaunchScreen.storyboardc/01J-lp-oVM-view-Ze5-6b-2t3.nib ... 
2156 bytes for ./Payload/Runner.app/Base.lproj/LaunchScreen.storyboardc/01J-lp-oVM-view-Ze5-6b-2t3.nib
2019-01-19 04:52:21 +0000  copying file ./Payload/Runner.app/Base.lproj/LaunchScreen.storyboardc/UIViewController-01J-lp-oVM.nib ... 
832 bytes for ./Payload/Runner.app/Base.lproj/LaunchScreen.storyboardc/UIViewController-01J-lp-oVM.nib
copying file ./Payload/Runner.app/Base.lproj/LaunchScreen.storyboardc/Info.plist ... 
2019-01-19 04:52:21 +0000  258 bytes for ./Payload/Runner.app/Base.lproj/LaunchScreen.storyboardc/Info.plist
2019-01-19 04:52:21 +0000  copying file ./Payload/Runner.app/zh-Hant.lproj/LaunchScreen.strings ... 
1 bytes for ./Payload/Runner.app/zh-Hant.lproj/LaunchScreen.strings
2019-01-19 04:52:21 +0000  copying file ./Payload/Runner.app/zh-Hant.lproj/Main.strings ... 
2019-01-19 04:52:21 +0000  1 bytes for ./Payload/Runner.app/zh-Hant.lproj/Main.strings
2019-01-19 04:52:21 +0000  copying file ./Payload/Runner.app/flutter_assets/LICENSE ... 
2019-01-19 04:52:21 +0000  652967 bytes for ./Payload/Runner.app/flutter_assets/LICENSE
2019-01-19 04:52:21 +0000  copying file ./Payload/Runner.app/flutter_assets/AssetManifest.json ... 
641 bytes for ./Payload/Runner.app/flutter_assets/AssetManifest.json
copying file ./Payload/Runner.app/flutter_assets/FontManifest.json ... 
2019-01-19 04:52:21 +0000  289 bytes for ./Payload/Runner.app/flutter_assets/FontManifest.json
2019-01-19 04:52:21 +0000  copying file ./Payload/Runner.app/flutter_assets/packages/cupertino_icons/assets/CupertinoIcons.ttf ... 
2019-01-19 04:52:21 +0000  97680 bytes for ./Payload/Runner.app/flutter_assets/packages/cupertino_icons/assets/CupertinoIcons.ttf
2019-01-19 04:52:21 +0000  copying file ./Payload/Runner.app/flutter_assets/lib/assets/images/login_background.png ... 
2019-01-19 04:52:21 +0000  213878 bytes for ./Payload/Runner.app/flutter_assets/lib/assets/images/login_background.png
2019-01-19 04:52:21 +0000  copying file ./Payload/Runner.app/flutter_assets/lib/assets/images/Foxconn.svg ... 
2019-01-19 04:52:21 +0000  119490 bytes for ./Payload/Runner.app/flutter_assets/lib/assets/images/Foxconn.svg
2019-01-19 04:52:21 +0000  copying file ./Payload/Runner.app/flutter_assets/lib/assets/images/home_background.png ... 
2019-01-19 04:52:22 +0000  2440431 bytes for ./Payload/Runner.app/flutter_assets/lib/assets/images/home_background.png
2019-01-19 04:52:22 +0000  copying file ./Payload/Runner.app/flutter_assets/lib/assets/images/Foxconn.png ... 
2019-01-19 04:52:22 +0000  228960 bytes for ./Payload/Runner.app/flutter_assets/lib/assets/images/Foxconn.png
2019-01-19 04:52:22 +0000  copying file ./Payload/Runner.app/flutter_assets/lib/assets/images/Powered_by_honeywell.svg ... 
2019-01-19 04:52:22 +0000  7041 bytes for ./Payload/Runner.app/flutter_assets/lib/assets/images/Powered_by_honeywell.svg
2019-01-19 04:52:22 +0000  copying file ./Payload/Runner.app/flutter_assets/lib/assets/images/logo.png ... 
2019-01-19 04:52:22 +0000  26836 bytes for ./Payload/Runner.app/flutter_assets/lib/assets/images/logo.png
2019-01-19 04:52:22 +0000  copying file ./Payload/Runner.app/flutter_assets/lib/assets/images/Honeywell_start.png ... 
2019-01-19 04:52:22 +0000  9152 bytes for ./Payload/Runner.app/flutter_assets/lib/assets/images/Honeywell_start.png
2019-01-19 04:52:22 +0000  copying file ./Payload/Runner.app/flutter_assets/fonts/MaterialIcons-Regular.ttf ... 
2019-01-19 04:52:22 +0000  134640 bytes for ./Payload/Runner.app/flutter_assets/fonts/MaterialIcons-Regular.ttf
2019-01-19 04:52:22 +0000  copying file ./Payload/Runner.app/Assets.car ... 
2019-01-19 04:52:22 +0000  729624 bytes for ./Payload/Runner.app/Assets.car
2019-01-19 04:52:22 +0000  copying file ./Payload/Runner.app/AppFrameworkInfo.plist ... 
376 bytes for ./Payload/Runner.app/AppFrameworkInfo.plist
copying file ./Payload/Runner.app/AppIcon40x40@2x~ipad.png ... 
2019-01-19 04:52:22 +0000  3630 bytes for ./Payload/Runner.app/AppIcon40x40@2x~ipad.png
copying file ./Payload/Runner.app/AppIcon76x76@2x~ipad.png ... 
2019-01-19 04:52:22 +0000  8916 bytes for ./Payload/Runner.app/AppIcon76x76@2x~ipad.png
copying file ./Payload/Runner.app/AppIcon72x72~ipad.png ... 
2019-01-19 04:52:22 +0000  3180 bytes for ./Payload/Runner.app/AppIcon72x72~ipad.png
copying file ./Payload/Runner.app/AppIcon83.5x83.5@2x~ipad.png ... 
2019-01-19 04:52:22 +0000  10381 bytes for ./Payload/Runner.app/AppIcon83.5x83.5@2x~ipad.png
copying file ./Payload/Runner.app/AppIcon50x50~ipad.png ... 
2019-01-19 04:52:22 +0000  2288 bytes for ./Payload/Runner.app/AppIcon50x50~ipad.png
copying file ./Payload/Runner.app/AppIcon29x29@2x~ipad.png ... 
2019-01-19 04:52:22 +0000  2348 bytes for ./Payload/Runner.app/AppIcon29x29@2x~ipad.png
copying file ./Payload/Runner.app/AppIcon50x50@2x~ipad.png ... 
2019-01-19 04:52:22 +0000  4816 bytes for ./Payload/Runner.app/AppIcon50x50@2x~ipad.png
copying file ./Payload/Runner.app/AppIcon40x40~ipad.png ... 
2019-01-19 04:52:22 +0000  1751 bytes for ./Payload/Runner.app/AppIcon40x40~ipad.png
2019-01-19 04:52:22 +0000  copying file ./Payload/Runner.app/Frameworks/Flutter.framework/_CodeSignature/CodeResources ... 
2084 bytes for ./Payload/Runner.app/Frameworks/Flutter.framework/_CodeSignature/CodeResources
2019-01-19 04:52:22 +0000  copying file ./Payload/Runner.app/Frameworks/Flutter.framework/icudtl.dat ... 
2019-01-19 04:52:22 +0000  883280 bytes for ./Payload/Runner.app/Frameworks/Flutter.framework/icudtl.dat
2019-01-19 04:52:22 +0000  copying file ./Payload/Runner.app/Frameworks/Flutter.framework/Flutter ... 
2019-01-19 04:52:22 +0000  12998368 bytes for ./Payload/Runner.app/Frameworks/Flutter.framework/Flutter
2019-01-19 04:52:22 +0000  copying file ./Payload/Runner.app/Frameworks/Flutter.framework/Info.plist ... 
777 bytes for ./Payload/Runner.app/Frameworks/Flutter.framework/Info.plist
copying file ./Payload/Runner.app/Frameworks/App.framework/_CodeSignature/CodeResources ... 
1798 bytes for ./Payload/Runner.app/Frameworks/App.framework/_CodeSignature/CodeResources
copying file ./Payload/Runner.app/Frameworks/App.framework/App ... 
2019-01-19 04:52:23 +0000  19731584 bytes for ./Payload/Runner.app/Frameworks/App.framework/App
2019-01-19 04:52:23 +0000  copying file ./Payload/Runner.app/Frameworks/App.framework/Info.plist ... 
773 bytes for ./Payload/Runner.app/Frameworks/App.framework/Info.plist
copying file ./Payload/Runner.app/AppIcon20x20~ipad.png ... 
2019-01-19 04:52:23 +0000  943 bytes for ./Payload/Runner.app/AppIcon20x20~ipad.png
copying file ./Payload/Runner.app/embedded.mobileprovision ... 
2019-01-19 04:52:23 +0000  8136 bytes for ./Payload/Runner.app/embedded.mobileprovision
2019-01-19 04:52:23 +0000  copying file ./Payload/Runner.app/AppIcon20x20@2x~ipad.png ... 
1751 bytes for ./Payload/Runner.app/AppIcon20x20@2x~ipad.png
copying file ./Payload/Runner.app/Info.plist ... 
2019-01-19 04:52:23 +0000  1773 bytes for ./Payload/Runner.app/Info.plist
2019-01-19 04:52:23 +0000  copying file ./Payload/Runner.app/PkgInfo ... 
8 bytes for ./Payload/Runner.app/PkgInfo
copying file ./Payload/Runner.app/AppIcon76x76~ipad.png ... 
2019-01-19 04:52:23 +0000  3390 bytes for ./Payload/Runner.app/AppIcon76x76~ipad.png
2019-01-19 04:52:23 +0000  /usr/bin/ditto exited with 0
2019-01-19 04:52:23 +0000  Processing step: IDEDistributionAppStoreInformationStep
2019-01-19 04:52:23 +0000  Skipping step: IDEDistributionAppStoreInformationStep because it said so
2019-01-19 04:52:23 +0000  Processing step: IDEDistributionCreateManifestStep
